<?xml version="1.0" encoding="UTF-8"?>
<!-- Generated by org.testng.reporters.JUnitXMLReporter -->
<testsuite hostname="PRABU" ignored="0" name="Test-class test" tests="4" failures="0" timestamp="14 Nov 2017 14:33:11 GMT" time="0.162" errors="0">
  <testcase name="testMethodOne" time="0.016" classname="com.testng.codes.ParallelClassesTestTwo"/>
  <testcase name="testMethodTwo" time="0.016" classname="com.testng.codes.ParallelClassesTestTwo"/>
  <testcase name="testMethodOne" time="0.032" classname="com.testng.codes.ParallelClassesTestOne"/>
  <testcase name="testMethodTwo" time="0.016" classname="com.testng.codes.ParallelClassesTestOne"/>
</testsuite> <!-- Test-class test -->
