<?xml version="1.0" encoding="UTF-8"?>
<!-- Generated by org.testng.reporters.JUnitXMLReporter -->
<testsuite hostname="AIPL-LT-623" ignored="0" name="Test-class test" tests="4" failures="0" timestamp="27 Oct 2017 08:25:58 GMT" time="0.157" errors="0">
  <testcase name="testMethodOne" time="0.022" classname="com.testng.codes.ParallelClassesTestOne"/>
  <testcase name="testMethodOne" time="0.027" classname="com.testng.codes.ParallelClassesTestTwo"/>
  <testcase name="testMethodTwo" time="0.003" classname="com.testng.codes.ParallelClassesTestTwo"/>
  <testcase name="testMethodTwo" time="0.011" classname="com.testng.codes.ParallelClassesTestOne"/>
</testsuite> <!-- Test-class test -->
