<?xml version="1.0" encoding="UTF-8"?>
<!-- Generated by org.testng.reporters.JUnitReportReporter -->
<testsuite skipped="0" hostname="AIPL-LT-623" name="com.testng.codes.ChildClass" tests="1" failures="0" timestamp="27 Oct 2017 07:50:27 GMT" time="0.017" errors="0">
  <testcase name="testCase" time="0.017" classname="com.testng.codes.ChildClass"/>
</testsuite> <!-- com.testng.codes.ChildClass -->
