<?xml version="1.0" encoding="UTF-8"?>
<!-- Generated by org.testng.reporters.JUnitReportReporter -->
<testsuite skipped="0" hostname="AIPL-LT-623" name="com.testng.codes.ParallelMethodTest" tests="2" failures="0" timestamp="27 Oct 2017 08:21:29 GMT" time="0.045" errors="0">
  <testcase name="testMethodsOne" time="0.040" classname="com.testng.codes.ParallelMethodTest"/>
  <testcase name="testMethodsTwo" time="0.005" classname="com.testng.codes.ParallelMethodTest"/>
</testsuite> <!-- com.testng.codes.ParallelMethodTest -->
