<?xml version="1.0" encoding="UTF-8"?>
<!-- Generated by org.testng.reporters.JUnitReportReporter -->
<testsuite skipped="0" hostname="AIPL-LT-623" name="com.testng.codes.DataProviderTest" tests="4" failures="0" timestamp="27 Oct 2017 10:13:54 GMT" time="0.047" errors="0">
  <testcase name="testMethodOne" time="0.029" classname="com.testng.codes.DataProviderTest"/>
  <testcase name="testMethodOne" time="0.007" classname="com.testng.codes.DataProviderTest"/>
  <testcase name="testMethodTwo" time="0.006" classname="com.testng.codes.DataProviderTest"/>
  <testcase name="testMethodTwo" time="0.005" classname="com.testng.codes.DataProviderTest"/>
</testsuite> <!-- com.testng.codes.DataProviderTest -->
