<?xml version="1.0" encoding="UTF-8"?>
<!-- Generated by org.testng.reporters.JUnitReportReporter -->
<testsuite skipped="0" hostname="PRABU" name="com.testng.codes.ChildClass" tests="1" failures="0" timestamp="25 Oct 2018 16:11:38 GMT" time="0.012" errors="0">
  <testcase name="testCase" time="0.012" classname="com.testng.codes.ChildClass"/>
</testsuite> <!-- com.testng.codes.ChildClass -->
