<?xml version="1.0" encoding="UTF-8"?>
<!-- Generated by org.testng.reporters.JUnitReportReporter -->
<testsuite skipped="0" hostname="AIPL-LT-623" name="com.testng.codes.FactoryExample" tests="8" failures="0" timestamp="27 Oct 2017 10:43:01 GMT" time="0.049" errors="0">
  <testcase name="testMethod1" time="0.003" classname="com.testng.codes.FactoryExample"/>
  <testcase name="testMethod1" time="0.005" classname="com.testng.codes.FactoryExample"/>
  <testcase name="testMethod2" time="0.004" classname="com.testng.codes.FactoryExample"/>
  <testcase name="testMethod2" time="0.004" classname="com.testng.codes.FactoryExample"/>
  <testcase name="testMethod2" time="0.003" classname="com.testng.codes.FactoryExample"/>
  <testcase name="testMethod1" time="0.004" classname="com.testng.codes.FactoryExample"/>
  <testcase name="testMethod2" time="0.003" classname="com.testng.codes.FactoryExample"/>
  <testcase name="testMethod1" time="0.023" classname="com.testng.codes.FactoryExample"/>
</testsuite> <!-- com.testng.codes.FactoryExample -->
