<?xml version="1.0" encoding="UTF-8"?>
<!-- Generated by org.testng.reporters.JUnitReportReporter -->
<testsuite skipped="0" hostname="AIPL-LT-623" name="Exercises.com.flipkart.codes.TestClass" tests="1" failures="0" timestamp="12 Oct 2017 09:36:07 GMT" time="27.648" errors="0">
  <testcase name="searchProduct" time="27.648" classname="Exercises.com.flipkart.codes.TestClass"/>
</testsuite> <!-- Exercises.com.flipkart.codes.TestClass -->
