<?xml version="1.0" encoding="UTF-8"?>
<!-- Generated by org.testng.reporters.JUnitReportReporter -->
<testsuite skipped="0" hostname="AIPL-LT-623" name="com.testng.codes.IndependentTest" tests="6" failures="0" timestamp="27 Oct 2017 10:05:13 GMT" time="0.157" errors="0">
  <testcase name="testMethod" time="0.004" classname="com.testng.codes.IndependentTest"/>
  <testcase name="testMethod" time="0.043" classname="com.testng.codes.IndependentTest"/>
  <testcase name="testMethod" time="0.043" classname="com.testng.codes.IndependentTest"/>
  <testcase name="testMethod" time="0.042" classname="com.testng.codes.IndependentTest"/>
  <testcase name="testMethod" time="0.021" classname="com.testng.codes.IndependentTest"/>
  <testcase name="testMethod" time="0.004" classname="com.testng.codes.IndependentTest"/>
</testsuite> <!-- com.testng.codes.IndependentTest -->
