<?xml version="1.0" encoding="UTF-8"?>
<!-- Generated by org.testng.reporters.JUnitReportReporter -->
<testsuite skipped="0" hostname="PRABU" name="com.testng.codes.ParallelClassesTestOne" tests="2" failures="0" timestamp="14 Nov 2017 14:33:12 GMT" time="0.048" errors="0">
  <testcase name="testMethodTwo" time="0.016" classname="com.testng.codes.ParallelClassesTestOne"/>
  <testcase name="testMethodOne" time="0.032" classname="com.testng.codes.ParallelClassesTestOne"/>
</testsuite> <!-- com.testng.codes.ParallelClassesTestOne -->
