<?xml version="1.0" encoding="UTF-8"?>
<!-- Generated by org.testng.reporters.JUnitReportReporter -->
<testsuite skipped="0" hostname="PRABU" name="com.testng.codes.FactoryExample" tests="8" failures="0" timestamp="30 Mar 2019 01:34:30 GMT" time="0.049" errors="0">
  <testcase name="testMethod2" time="0.003" classname="com.testng.codes.FactoryExample"/>
  <testcase name="testMethod2" time="0.004" classname="com.testng.codes.FactoryExample"/>
  <testcase name="testMethod1" time="0.003" classname="com.testng.codes.FactoryExample"/>
  <testcase name="testMethod2" time="0.003" classname="com.testng.codes.FactoryExample"/>
  <testcase name="testMethod1" time="0.015" classname="com.testng.codes.FactoryExample"/>
  <testcase name="testMethod1" time="0.009" classname="com.testng.codes.FactoryExample"/>
  <testcase name="testMethod1" time="0.007" classname="com.testng.codes.FactoryExample"/>
  <testcase name="testMethod2" time="0.005" classname="com.testng.codes.FactoryExample"/>
</testsuite> <!-- com.testng.codes.FactoryExample -->
