<?xml version="1.0" encoding="UTF-8"?>
<!-- Generated by org.testng.reporters.JUnitReportReporter -->
<testsuite skipped="0" hostname="AIPL-LT-623" name="com.testng.codes.SimpleTest" tests="1" failures="0" timestamp="27 Oct 2017 09:57:06 GMT" time="0.014" errors="0">
  <testcase name="testMethod" time="0.014" classname="com.testng.codes.SimpleTest"/>
</testsuite> <!-- com.testng.codes.SimpleTest -->
