<?xml version="1.0" encoding="UTF-8"?>
<!-- Generated by org.testng.reporters.JUnitReportReporter -->
<testsuite skipped="0" hostname="AIPL-LT-623" name="com.testng.codes.ParallelClassesTestOne" tests="2" failures="0" timestamp="27 Oct 2017 08:25:58 GMT" time="0.033" errors="0">
  <testcase name="testMethodOne" time="0.022" classname="com.testng.codes.ParallelClassesTestOne"/>
  <testcase name="testMethodTwo" time="0.011" classname="com.testng.codes.ParallelClassesTestOne"/>
</testsuite> <!-- com.testng.codes.ParallelClassesTestOne -->
