<?xml version="1.0" encoding="UTF-8"?>
<!-- Generated by org.testng.reporters.JUnitReportReporter -->
<testsuite skipped="0" hostname="AIPL-LT-623" name="com.testng.codes.ParallelClassesTestTwo" tests="2" failures="0" timestamp="27 Oct 2017 08:25:58 GMT" time="0.030" errors="0">
  <testcase name="testMethodTwo" time="0.003" classname="com.testng.codes.ParallelClassesTestTwo"/>
  <testcase name="testMethodOne" time="0.027" classname="com.testng.codes.ParallelClassesTestTwo"/>
</testsuite> <!-- com.testng.codes.ParallelClassesTestTwo -->
